<?xml version="1.0" encoding="UTF-8"?>
<testsuite name="summarizator.SummarizeTest" tests="2" skipped="0" failures="0" errors="0" timestamp="2018-07-09T22:58:03" hostname="MacBook-Pro" time="0.0">
  <properties/>
  <testcase name="testSum" classname="summarizator.SummarizeTest" time="0.0"/>
  <testcase name="testSum2" classname="summarizator.SummarizeTest" time="0.0"/>
  <system-out><![CDATA[]]></system-out>
  <system-err><![CDATA[]]></system-err>
</testsuite>
